2020-10-21 13:21:20.902 [main] INFO  com.ysshha.autotest.AbstractPage - AbstractPage.AbstractPage()
2020-10-21 13:21:25.280 [main] INFO  com.ysshha.autotest.AbstractPage - AbstractPage.initPage()
2020-10-21 13:21:25.351 [main] INFO  com.ysshha.autotest.AbstractPage - AbstractPage.gotoUrl(http://localhost:8080/)
2020-10-21 13:21:28.148 [main] INFO  com.ysshha.autotest.AbstractPage - AbstractPage.checkUrl(http://localhost:8080/)
2020-10-21 13:21:28.179 [main] INFO  com.ysshha.autotest.AbstractPage - AbstractPage.AbstractPage()
2020-10-21 13:21:28.179 [main] INFO  com.ysshha.autotest.AbstractPage - AbstractPage.initPage()
2020-10-21 13:21:28.180 [main] INFO  com.ysshha.autotest.CreatePage - CreatePage.enterOrder(1,2,3)
2020-10-21 13:21:28.872 [main] INFO  com.ysshha.autotest.CreatePage - CreatePage.createButtonEnabled
2020-10-21 13:21:28.946 [main] INFO  com.ysshha.autotest.CreatePage - CreatePage.clickCreateButton
2020-10-21 13:35:54.140 [main] INFO  com.ysshha.autotest.AbstractPage - AbstractPage.AbstractPage()
2020-10-21 13:35:58.824 [main] INFO  com.ysshha.autotest.AbstractPage - AbstractPage.initPage()
2020-10-21 13:35:58.863 [main] INFO  com.ysshha.autotest.AbstractPage - AbstractPage.gotoUrl(http://localhost:8080/)
2020-10-21 13:36:02.264 [main] INFO  com.ysshha.autotest.AbstractPage - AbstractPage.checkUrl(http://localhost:8080/)
2020-10-21 13:36:02.293 [main] INFO  com.ysshha.autotest.AbstractPage - AbstractPage.AbstractPage()
2020-10-21 13:36:02.294 [main] INFO  com.ysshha.autotest.AbstractPage - AbstractPage.initPage()
2020-10-21 13:36:02.295 [main] INFO  com.ysshha.autotest.CreatePage - CreatePage.enterOrder(1,2,3)
2020-10-21 13:36:02.990 [main] INFO  com.ysshha.autotest.CreatePage - CreatePage.createButtonEnabled
2020-10-21 13:36:03.033 [main] INFO  com.ysshha.autotest.CreatePage - CreatePage.clickCreateButton
2020-10-21 13:39:28.274 [main] INFO  com.ysshha.autotest.AbstractPage - AbstractPage.AbstractPage()
2020-10-21 13:39:32.684 [main] INFO  com.ysshha.autotest.AbstractPage - AbstractPage.initPage()
2020-10-21 13:39:32.744 [main] INFO  com.ysshha.autotest.AbstractPage - AbstractPage.gotoUrl(http://localhost:8080/)
2020-10-21 13:39:36.231 [main] INFO  com.ysshha.autotest.AbstractPage - AbstractPage.checkUrl(http://localhost:8080/)
2020-10-21 13:39:36.255 [main] INFO  com.ysshha.autotest.AbstractPage - AbstractPage.AbstractPage()
2020-10-21 13:39:36.255 [main] INFO  com.ysshha.autotest.AbstractPage - AbstractPage.initPage()
2020-10-21 13:39:36.257 [main] INFO  com.ysshha.autotest.CreatePage - CreatePage.enterOrder(1,2,3)
2020-10-21 13:39:37.276 [main] INFO  com.ysshha.autotest.CreatePage - CreatePage.createButtonEnabled
2020-10-21 13:39:37.344 [main] INFO  com.ysshha.autotest.CreatePage - CreatePage.clickCreateButton
2020-10-21 15:44:11.864 [main] INFO  com.ysshha.autotest.StepDefinitions - CreatePage.checkPage()
2020-10-21 15:44:11.894 [main] INFO  com.ysshha.autotest.AbstractPage - AbstractPage.AbstractPage()
2020-10-21 15:44:16.531 [main] INFO  com.ysshha.autotest.AbstractPage - AbstractPage.initPage()
2020-10-21 15:44:16.592 [main] INFO  com.ysshha.autotest.AbstractPage - AbstractPage.gotoUrl(http://localhost:8080/)
2020-10-21 15:44:20.039 [main] INFO  com.ysshha.autotest.AbstractPage - AbstractPage.checkUrl(http://localhost:8080/)
2020-10-21 15:44:20.162 [main] INFO  com.ysshha.autotest.AbstractPage - AbstractPage.AbstractPage()
2020-10-21 15:44:20.163 [main] INFO  com.ysshha.autotest.AbstractPage - AbstractPage.initPage()
2020-10-21 15:44:20.165 [main] INFO  com.ysshha.autotest.CreatePage - CreatePage.enterOrder(1,2,3)
2020-10-21 15:44:21.031 [main] INFO  com.ysshha.autotest.CreatePage - CreatePage.createButtonEnabled
2020-10-21 15:44:21.072 [main] INFO  com.ysshha.autotest.CreatePage - CreatePage.clickCreateButton
2020-10-21 17:11:08.958 [main] INFO  com.ysshha.autotest.StepDefinitions - StepDefinitions.setUp()
2020-10-21 17:11:08.993 [main] INFO  com.ysshha.autotest.StepDefinitions - StepDefinitions.I_start_browser()
2020-10-21 17:11:09.015 [main] INFO  com.ysshha.autotest.AbstractPage - AbstractPage.AbstractPage()
2020-10-21 17:11:13.382 [main] INFO  com.ysshha.autotest.AbstractPage - AbstractPage.initPage()
2020-10-21 17:11:13.438 [main] INFO  com.ysshha.autotest.StepDefinitions - StepDefinitions.I_load_url(http://localhost:8080/)
2020-10-21 17:11:13.439 [main] INFO  com.ysshha.autotest.AbstractPage - AbstractPage.gotoUrl(http://localhost:8080/)
2020-10-21 17:11:16.920 [main] INFO  com.ysshha.autotest.AbstractPage - AbstractPage.checkUrl(http://localhost:8080/)
2020-10-21 17:11:16.945 [main] INFO  com.ysshha.autotest.StepDefinitions - StepDefinitions.I_create_order(1,2,3)
2020-10-21 17:11:16.946 [main] INFO  com.ysshha.autotest.AbstractPage - AbstractPage.AbstractPage()
2020-10-21 17:11:16.946 [main] INFO  com.ysshha.autotest.AbstractPage - AbstractPage.initPage()
2020-10-21 17:11:16.947 [main] INFO  com.ysshha.autotest.CreatePage - CreatePage.enterOrder(1,2,3)
2020-10-21 17:11:17.864 [main] INFO  com.ysshha.autotest.StepDefinitions - StepDefinitions.I_see_create_is_enabled()
2020-10-21 17:11:17.865 [main] INFO  com.ysshha.autotest.CreatePage - CreatePage.createButtonEnabled
2020-10-21 17:11:17.975 [main] INFO  com.ysshha.autotest.StepDefinitions - StepDefinitions.i_push_create()
2020-10-21 17:11:17.975 [main] INFO  com.ysshha.autotest.CreatePage - CreatePage.clickCreateButton
2020-10-21 17:11:18.193 [main] INFO  com.ysshha.autotest.StepDefinitions - StepDefinitions.tearDown()
2020-10-21 17:30:04.893 [main] INFO  com.ysshha.autotest.StepDefinitions - StepDefinitions.setUp()
2020-10-21 17:30:04.911 [main] INFO  com.ysshha.autotest.StepDefinitions - StepDefinitions.I_start_browser()
2020-10-21 17:30:04.922 [main] INFO  com.ysshha.autotest.AbstractPage - AbstractPage.AbstractPage()
2020-10-21 17:30:09.879 [main] INFO  com.ysshha.autotest.AbstractPage - AbstractPage.initPage()
2020-10-21 17:30:09.942 [main] INFO  com.ysshha.autotest.StepDefinitions - StepDefinitions.I_load_url(http://localhost:8080/)
2020-10-21 17:30:09.943 [main] INFO  com.ysshha.autotest.AbstractPage - AbstractPage.gotoUrl(http://localhost:8080/)
2020-10-21 17:30:13.185 [main] INFO  com.ysshha.autotest.AbstractPage - AbstractPage.checkUrl(http://localhost:8080/)
2020-10-21 17:30:13.244 [main] INFO  com.ysshha.autotest.StepDefinitions - StepDefinitions.I_create_order(1,2,3)
2020-10-21 17:30:13.245 [main] INFO  com.ysshha.autotest.AbstractPage - AbstractPage.AbstractPage()
2020-10-21 17:30:13.245 [main] INFO  com.ysshha.autotest.AbstractPage - AbstractPage.initPage()
2020-10-21 17:30:13.247 [main] INFO  com.ysshha.autotest.CreatePage - CreatePage.enterOrder(1,2,3)
2020-10-21 17:30:14.570 [main] INFO  com.ysshha.autotest.StepDefinitions - StepDefinitions.I_see_create_is_enabled()
2020-10-21 17:30:14.570 [main] INFO  com.ysshha.autotest.CreatePage - CreatePage.createButtonEnabled
2020-10-21 17:30:14.639 [main] INFO  com.ysshha.autotest.StepDefinitions - StepDefinitions.i_push_create()
2020-10-21 17:30:14.639 [main] INFO  com.ysshha.autotest.CreatePage - CreatePage.clickCreateButton
2020-10-21 17:30:14.805 [main] INFO  com.ysshha.autotest.StepDefinitions - StepDefinitions.tearDown()
2020-10-21 17:32:15.553 [main] INFO  com.ysshha.autotest.StepDefinitions - StepDefinitions.setUp()
2020-10-21 17:32:15.589 [main] INFO  com.ysshha.autotest.StepDefinitions - StepDefinitions.I_start_browser()
2020-10-21 17:32:15.609 [main] INFO  com.ysshha.autotest.AbstractPage - AbstractPage.AbstractPage()
2020-10-21 17:32:22.063 [main] INFO  com.ysshha.autotest.AbstractPage - AbstractPage.initPage()
2020-10-21 17:32:22.122 [main] INFO  com.ysshha.autotest.StepDefinitions - StepDefinitions.I_load_url(http://localhost:8080/)
2020-10-21 17:32:22.122 [main] INFO  com.ysshha.autotest.AbstractPage - AbstractPage.gotoUrl(http://localhost:8080/)
2020-10-21 17:32:25.431 [main] INFO  com.ysshha.autotest.AbstractPage - AbstractPage.checkUrl(http://localhost:8080/)
2020-10-21 17:32:25.450 [main] INFO  com.ysshha.autotest.StepDefinitions - StepDefinitions.I_create_order(1,2,3)
2020-10-21 17:32:25.450 [main] INFO  com.ysshha.autotest.AbstractPage - AbstractPage.AbstractPage()
2020-10-21 17:32:25.450 [main] INFO  com.ysshha.autotest.AbstractPage - AbstractPage.initPage()
2020-10-21 17:32:25.451 [main] INFO  com.ysshha.autotest.CreatePage - CreatePage.enterOrder(1,2,3)
2020-10-21 17:32:26.080 [main] INFO  com.ysshha.autotest.StepDefinitions - StepDefinitions.I_see_create_is_enabled()
2020-10-21 17:32:26.080 [main] INFO  com.ysshha.autotest.CreatePage - CreatePage.createButtonEnabled
2020-10-21 17:32:26.131 [main] INFO  com.ysshha.autotest.StepDefinitions - StepDefinitions.i_push_create()
2020-10-21 17:32:26.131 [main] INFO  com.ysshha.autotest.CreatePage - CreatePage.clickCreateButton
2020-10-21 17:32:26.215 [main] INFO  com.ysshha.autotest.StepDefinitions - StepDefinitions.tearDown()
2020-10-21 20:21:29.384 [main] INFO  com.ysshha.autotest.StepDefinitions - StepDefinitions.setUp()
2020-10-21 20:21:29.400 [main] INFO  com.ysshha.autotest.StepDefinitions - StepDefinitions.I_start_browser()
2020-10-21 20:21:29.412 [main] INFO  com.ysshha.autotest.AbstractPage - AbstractPage.AbstractPage()
2020-10-21 20:21:34.372 [main] INFO  com.ysshha.autotest.AbstractPage - AbstractPage.initPage()
2020-10-21 20:21:34.436 [main] INFO  com.ysshha.autotest.StepDefinitions - StepDefinitions.I_load_url(http://localhost:8080/)
2020-10-21 20:21:34.437 [main] INFO  com.ysshha.autotest.AbstractPage - AbstractPage.gotoUrl(http://localhost:8080/)
2020-10-21 20:21:37.557 [main] INFO  com.ysshha.autotest.AbstractPage - AbstractPage.checkUrl(http://localhost:8080/)
2020-10-21 20:21:37.574 [main] INFO  com.ysshha.autotest.StepDefinitions - StepDefinitions.I_create_order(1,2,3)
2020-10-21 20:21:37.576 [main] INFO  com.ysshha.autotest.AbstractPage - AbstractPage.AbstractPage()
2020-10-21 20:21:37.579 [main] INFO  com.ysshha.autotest.AbstractPage - AbstractPage.initPage()
2020-10-21 20:21:37.585 [main] INFO  com.ysshha.autotest.CreatePage - CreatePage.enterOrder(1,2,3)
2020-10-21 20:21:38.271 [main] INFO  com.ysshha.autotest.StepDefinitions - StepDefinitions.I_see_create_is_enabled()
2020-10-21 20:21:38.272 [main] INFO  com.ysshha.autotest.CreatePage - CreatePage.createButtonEnabled
2020-10-21 20:21:38.328 [main] INFO  com.ysshha.autotest.StepDefinitions - StepDefinitions.i_push_create()
2020-10-21 20:21:38.329 [main] INFO  com.ysshha.autotest.CreatePage - CreatePage.clickCreateButton
2020-10-21 20:21:38.420 [main] INFO  com.ysshha.autotest.StepDefinitions - StepDefinitions.tearDown()
2020-10-21 21:18:13.163 [main] INFO  com.ysshha.autotest.StepDefinitions - StepDefinitions.setUp()
2020-10-21 21:18:13.184 [main] INFO  com.ysshha.autotest.StepDefinitions - StepDefinitions.I_start_browser()
2020-10-21 21:18:13.199 [main] INFO  com.ysshha.autotest.AbstractPage - AbstractPage.AbstractPage()
2020-10-21 21:18:18.071 [main] INFO  com.ysshha.autotest.AbstractPage - AbstractPage.initPage()
2020-10-21 21:18:18.144 [main] INFO  com.ysshha.autotest.StepDefinitions - StepDefinitions.I_load_url(http://localhost:8080/)
2020-10-21 21:18:18.145 [main] INFO  com.ysshha.autotest.AbstractPage - AbstractPage.gotoUrl(http://localhost:8080/)
2020-10-21 21:18:21.724 [main] INFO  com.ysshha.autotest.AbstractPage - AbstractPage.checkUrl(http://localhost:8080/)
2020-10-21 21:18:21.752 [main] INFO  com.ysshha.autotest.StepDefinitions - StepDefinitions.I_create_order(1,2,3)
2020-10-21 21:18:21.752 [main] INFO  com.ysshha.autotest.AbstractPage - AbstractPage.AbstractPage()
2020-10-21 21:18:21.752 [main] INFO  com.ysshha.autotest.AbstractPage - AbstractPage.initPage()
2020-10-21 21:18:21.754 [main] INFO  com.ysshha.autotest.CreatePage - CreatePage.enterOrder(1,2,3)
2020-10-21 21:18:22.464 [main] INFO  com.ysshha.autotest.StepDefinitions - StepDefinitions.I_see_create_is_enabled()
2020-10-21 21:18:22.464 [main] INFO  com.ysshha.autotest.CreatePage - CreatePage.createButtonEnabled
2020-10-21 21:18:22.513 [main] INFO  com.ysshha.autotest.StepDefinitions - StepDefinitions.i_push_create()
2020-10-21 21:18:22.513 [main] INFO  com.ysshha.autotest.CreatePage - CreatePage.clickCreateButton
2020-10-21 21:18:22.603 [main] INFO  com.ysshha.autotest.StepDefinitions - StepDefinitions.tearDown()
2020-10-21 21:19:30.507 [main] INFO  com.ysshha.autotest.StepDefinitions - StepDefinitions.setUp()
2020-10-21 21:19:30.541 [main] INFO  com.ysshha.autotest.StepDefinitions - StepDefinitions.I_start_browser()
2020-10-21 21:19:30.560 [main] INFO  com.ysshha.autotest.AbstractPage - AbstractPage.AbstractPage()
2020-10-21 21:19:35.416 [main] INFO  com.ysshha.autotest.AbstractPage - AbstractPage.initPage()
2020-10-21 21:19:35.510 [main] INFO  com.ysshha.autotest.StepDefinitions - StepDefinitions.I_load_url(http://localhost:8080/)
2020-10-21 21:19:35.511 [main] INFO  com.ysshha.autotest.AbstractPage - AbstractPage.gotoUrl(http://localhost:8080/)
2020-10-21 21:19:38.572 [main] INFO  com.ysshha.autotest.AbstractPage - AbstractPage.checkUrl(http://localhost:8080/)
2020-10-21 21:19:38.634 [main] INFO  com.ysshha.autotest.StepDefinitions - StepDefinitions.I_create_order(1,2,3)
2020-10-21 21:19:38.635 [main] INFO  com.ysshha.autotest.AbstractPage - AbstractPage.AbstractPage()
2020-10-21 21:19:38.636 [main] INFO  com.ysshha.autotest.AbstractPage - AbstractPage.initPage()
2020-10-21 21:19:38.638 [main] INFO  com.ysshha.autotest.CreatePage - CreatePage.enterOrder(1,2,3)
2020-10-21 21:19:39.991 [main] INFO  com.ysshha.autotest.StepDefinitions - StepDefinitions.I_see_create_is_enabled()
2020-10-21 21:19:39.993 [main] INFO  com.ysshha.autotest.CreatePage - CreatePage.createButtonEnabled
2020-10-21 21:19:40.084 [main] INFO  com.ysshha.autotest.StepDefinitions - StepDefinitions.i_push_create()
2020-10-21 21:19:40.084 [main] INFO  com.ysshha.autotest.CreatePage - CreatePage.clickCreateButton
2020-10-21 21:19:40.232 [main] INFO  com.ysshha.autotest.StepDefinitions - StepDefinitions.tearDown()
2020-10-21 21:20:19.315 [main] INFO  com.ysshha.autotest.StepDefinitions - StepDefinitions.setUp()
2020-10-21 21:20:19.349 [main] INFO  com.ysshha.autotest.StepDefinitions - StepDefinitions.I_start_browser()
2020-10-21 21:20:19.365 [main] INFO  com.ysshha.autotest.AbstractPage - AbstractPage.AbstractPage()
2020-10-21 21:20:24.311 [main] INFO  com.ysshha.autotest.AbstractPage - AbstractPage.initPage()
2020-10-21 21:20:24.363 [main] INFO  com.ysshha.autotest.StepDefinitions - StepDefinitions.I_load_url(http://localhost:8080/)
2020-10-21 21:20:24.363 [main] INFO  com.ysshha.autotest.AbstractPage - AbstractPage.gotoUrl(http://localhost:8080/)
2020-10-21 21:20:27.443 [main] INFO  com.ysshha.autotest.AbstractPage - AbstractPage.checkUrl(http://localhost:8080/)
2020-10-21 21:20:27.460 [main] INFO  com.ysshha.autotest.StepDefinitions - StepDefinitions.I_create_order(1,2,3)
2020-10-21 21:20:27.460 [main] INFO  com.ysshha.autotest.AbstractPage - AbstractPage.AbstractPage()
2020-10-21 21:20:27.461 [main] INFO  com.ysshha.autotest.AbstractPage - AbstractPage.initPage()
2020-10-21 21:20:27.463 [main] INFO  com.ysshha.autotest.CreatePage - CreatePage.enterOrder(1,2,3)
2020-10-21 21:20:28.186 [main] INFO  com.ysshha.autotest.StepDefinitions - StepDefinitions.I_see_create_is_enabled()
2020-10-21 21:20:28.186 [main] INFO  com.ysshha.autotest.CreatePage - CreatePage.createButtonEnabled
2020-10-21 21:20:28.236 [main] INFO  com.ysshha.autotest.StepDefinitions - StepDefinitions.i_push_create()
2020-10-21 21:20:28.236 [main] INFO  com.ysshha.autotest.CreatePage - CreatePage.clickCreateButton
2020-10-21 21:20:28.336 [main] INFO  com.ysshha.autotest.StepDefinitions - StepDefinitions.tearDown()
2020-10-21 21:28:26.080 [main] INFO  com.ysshha.autotest.StepDefinitions - StepDefinitions.setUp()
2020-10-21 21:28:26.093 [main] INFO  com.ysshha.autotest.StepDefinitions - StepDefinitions.I_start_browser()
2020-10-21 21:28:26.104 [main] INFO  com.ysshha.autotest.AbstractPage - AbstractPage.AbstractPage()
2020-10-21 21:28:30.788 [main] INFO  com.ysshha.autotest.AbstractPage - AbstractPage.initPage()
2020-10-21 21:28:30.851 [main] INFO  com.ysshha.autotest.StepDefinitions - StepDefinitions.I_load_url(http://localhost:8080/)
2020-10-21 21:28:30.852 [main] INFO  com.ysshha.autotest.AbstractPage - AbstractPage.gotoUrl(http://localhost:8080/)
2020-10-21 21:28:33.831 [main] INFO  com.ysshha.autotest.AbstractPage - AbstractPage.checkUrl(http://localhost:8080/)
2020-10-21 21:28:33.857 [main] INFO  com.ysshha.autotest.StepDefinitions - StepDefinitions.I_check_page()
2020-10-21 21:28:33.857 [main] INFO  com.ysshha.autotest.CreatePage - OrderPage.checkPage()
2020-10-21 21:28:34.050 [main] INFO  com.ysshha.autotest.StepDefinitions - StepDefinitions.tearDown()
2020-10-21 21:29:12.548 [main] INFO  com.ysshha.autotest.StepDefinitions - StepDefinitions.setUp()
2020-10-21 21:29:12.581 [main] INFO  com.ysshha.autotest.StepDefinitions - StepDefinitions.I_start_browser()
2020-10-21 21:29:12.596 [main] INFO  com.ysshha.autotest.AbstractPage - AbstractPage.AbstractPage()
2020-10-21 21:29:17.645 [main] INFO  com.ysshha.autotest.AbstractPage - AbstractPage.initPage()
2020-10-21 21:29:17.703 [main] INFO  com.ysshha.autotest.StepDefinitions - StepDefinitions.I_load_url(http://localhost:8080/)
2020-10-21 21:29:17.706 [main] INFO  com.ysshha.autotest.AbstractPage - AbstractPage.gotoUrl(http://localhost:8080/)
2020-10-21 21:29:20.711 [main] INFO  com.ysshha.autotest.AbstractPage - AbstractPage.checkUrl(http://localhost:8080/)
2020-10-21 21:29:20.722 [main] INFO  com.ysshha.autotest.StepDefinitions - StepDefinitions.I_check_page()
2020-10-21 21:29:20.723 [main] INFO  com.ysshha.autotest.CreatePage - OrderPage.checkPage()
2020-10-21 21:29:20.988 [main] INFO  com.ysshha.autotest.StepDefinitions - StepDefinitions.tearDown()
2020-10-21 21:37:03.663 [main] INFO  com.ysshha.autotest.StepDefinitions - StepDefinitions.setUp()
2020-10-21 21:37:03.693 [main] INFO  com.ysshha.autotest.StepDefinitions - StepDefinitions.I_start_browser()
2020-10-21 21:37:03.710 [main] INFO  com.ysshha.autotest.AbstractPage - AbstractPage.AbstractPage()
2020-10-21 21:37:08.478 [main] INFO  com.ysshha.autotest.AbstractPage - AbstractPage.initPage()
2020-10-21 21:37:08.541 [main] INFO  com.ysshha.autotest.StepDefinitions - StepDefinitions.I_load_url(http://localhost:8080/)
2020-10-21 21:37:08.542 [main] INFO  com.ysshha.autotest.AbstractPage - AbstractPage.gotoUrl(http://localhost:8080/)
2020-10-21 21:37:11.805 [main] INFO  com.ysshha.autotest.AbstractPage - AbstractPage.checkUrl(http://localhost:8080/)
2020-10-21 21:37:11.821 [main] INFO  com.ysshha.autotest.StepDefinitions - StepDefinitions.I_check_page()
2020-10-21 21:37:11.822 [main] INFO  com.ysshha.autotest.CreatePage - OrderPage.checkPage()
2020-10-21 21:37:12.125 [main] INFO  com.ysshha.autotest.StepDefinitions - StepDefinitions.tearDown()
2020-10-21 21:40:48.863 [main] INFO  com.ysshha.autotest.StepDefinitions - StepDefinitions.setUp()
2020-10-21 21:40:48.879 [main] INFO  com.ysshha.autotest.StepDefinitions - StepDefinitions.I_start_browser()
2020-10-21 21:40:48.892 [main] INFO  com.ysshha.autotest.AbstractPage - AbstractPage.AbstractPage()
2020-10-21 21:40:54.045 [main] INFO  com.ysshha.autotest.AbstractPage - AbstractPage.initPage()
2020-10-21 21:40:54.105 [main] INFO  com.ysshha.autotest.StepDefinitions - StepDefinitions.I_load_url(http://localhost:8080/)
2020-10-21 21:40:54.106 [main] INFO  com.ysshha.autotest.AbstractPage - AbstractPage.gotoUrl(http://localhost:8080/)
2020-10-21 21:40:57.132 [main] INFO  com.ysshha.autotest.AbstractPage - AbstractPage.checkUrl(http://localhost:8080/)
2020-10-21 21:40:57.151 [main] INFO  com.ysshha.autotest.StepDefinitions - StepDefinitions.I_check_page()
2020-10-21 21:40:57.152 [main] INFO  com.ysshha.autotest.CreatePage - OrderPage.checkPage()
2020-10-21 21:40:57.569 [main] INFO  com.ysshha.autotest.StepDefinitions - StepDefinitions.I_create_order(1,2,3)
2020-10-21 21:40:57.570 [main] INFO  com.ysshha.autotest.AbstractPage - AbstractPage.AbstractPage()
2020-10-21 21:40:57.571 [main] INFO  com.ysshha.autotest.AbstractPage - AbstractPage.initPage()
2020-10-21 21:40:57.572 [main] INFO  com.ysshha.autotest.CreatePage - CreatePage.enterOrder(1,2,3)
2020-10-21 21:40:58.308 [main] INFO  com.ysshha.autotest.StepDefinitions - StepDefinitions.I_see_create_is_enabled()
2020-10-21 21:40:58.308 [main] INFO  com.ysshha.autotest.CreatePage - CreatePage.createButtonEnabled
2020-10-21 21:40:58.370 [main] INFO  com.ysshha.autotest.StepDefinitions - StepDefinitions.i_push_create()
2020-10-21 21:40:58.370 [main] INFO  com.ysshha.autotest.CreatePage - CreatePage.clickCreateButton
2020-10-21 21:40:58.500 [main] INFO  com.ysshha.autotest.StepDefinitions - StepDefinitions.tearDown()
2020-10-21 23:05:54.323 [main] INFO  com.ysshha.autotest.StepDefinitions - StepDefinitions.setUp()
2020-10-21 23:05:54.340 [main] INFO  com.ysshha.autotest.StepDefinitions - StepDefinitions.I_start_browser()
2020-10-21 23:05:54.355 [main] INFO  com.ysshha.autotest.AbstractPage - AbstractPage.AbstractPage()
2020-10-21 23:06:02.292 [main] INFO  com.ysshha.autotest.AbstractPage - AbstractPage.initPage()
2020-10-21 23:06:02.352 [main] INFO  com.ysshha.autotest.StepDefinitions - StepDefinitions.I_load_url(http://localhost:8080/)
2020-10-21 23:06:02.353 [main] INFO  com.ysshha.autotest.AbstractPage - AbstractPage.gotoUrl(http://localhost:8080/)
2020-10-21 23:06:06.872 [main] INFO  com.ysshha.autotest.AbstractPage - AbstractPage.checkUrl(http://localhost:8080/)
2020-10-21 23:06:06.885 [main] INFO  com.ysshha.autotest.StepDefinitions - StepDefinitions.I_check_page()
2020-10-21 23:06:06.885 [main] INFO  com.ysshha.autotest.CreatePage - OrderPage.checkPage()
2020-10-21 23:06:07.181 [main] INFO  com.ysshha.autotest.CreatePage - OrderPage.checkListEmpty()
2020-10-21 23:06:07.200 [main] INFO  com.ysshha.autotest.CreatePage - OrderPage.checkListEmpty() => [0]
2020-10-21 23:06:07.201 [main] INFO  com.ysshha.autotest.StepDefinitions - StepDefinitions.I_create_order(1,2,3)
2020-10-21 23:06:07.201 [main] INFO  com.ysshha.autotest.AbstractPage - AbstractPage.AbstractPage()
2020-10-21 23:06:07.201 [main] INFO  com.ysshha.autotest.AbstractPage - AbstractPage.initPage()
2020-10-21 23:06:07.202 [main] INFO  com.ysshha.autotest.CreatePage - CreatePage.enterOrder(1,2,3)
2020-10-21 23:06:07.660 [main] INFO  com.ysshha.autotest.StepDefinitions - StepDefinitions.I_see_create_is_enabled()
2020-10-21 23:06:07.661 [main] INFO  com.ysshha.autotest.CreatePage - CreatePage.createButtonEnabled
2020-10-21 23:06:07.710 [main] INFO  com.ysshha.autotest.StepDefinitions - StepDefinitions.i_push_create()
2020-10-21 23:06:07.710 [main] INFO  com.ysshha.autotest.CreatePage - CreatePage.clickCreateButton
2020-10-21 23:06:07.814 [main] INFO  com.ysshha.autotest.StepDefinitions - StepDefinitions.tearDown()
2020-10-21 23:06:57.242 [main] INFO  com.ysshha.autotest.StepDefinitions - StepDefinitions.setUp()
2020-10-21 23:06:57.280 [main] INFO  com.ysshha.autotest.StepDefinitions - StepDefinitions.I_start_browser()
2020-10-21 23:06:57.297 [main] INFO  com.ysshha.autotest.AbstractPage - AbstractPage.AbstractPage()
2020-10-21 23:07:02.006 [main] INFO  com.ysshha.autotest.AbstractPage - AbstractPage.initPage()
2020-10-21 23:07:02.072 [main] INFO  com.ysshha.autotest.StepDefinitions - StepDefinitions.I_load_url(http://localhost:8080/)
2020-10-21 23:07:02.073 [main] INFO  com.ysshha.autotest.AbstractPage - AbstractPage.gotoUrl(http://localhost:8080/)
2020-10-21 23:07:05.727 [main] INFO  com.ysshha.autotest.AbstractPage - AbstractPage.checkUrl(http://localhost:8080/)
2020-10-21 23:07:05.763 [main] INFO  com.ysshha.autotest.StepDefinitions - StepDefinitions.I_check_page()
2020-10-21 23:07:05.763 [main] INFO  com.ysshha.autotest.CreatePage - OrderPage.checkPage()
2020-10-21 23:07:06.252 [main] INFO  com.ysshha.autotest.CreatePage - OrderPage.checkListEmpty()
2020-10-21 23:07:06.283 [main] INFO  com.ysshha.autotest.CreatePage - OrderPage.checkListEmpty() => [0]
2020-10-21 23:07:06.284 [main] INFO  com.ysshha.autotest.StepDefinitions - StepDefinitions.I_create_order(1,2,3)
2020-10-21 23:07:06.285 [main] INFO  com.ysshha.autotest.AbstractPage - AbstractPage.AbstractPage()
2020-10-21 23:07:06.286 [main] INFO  com.ysshha.autotest.AbstractPage - AbstractPage.initPage()
2020-10-21 23:07:06.288 [main] INFO  com.ysshha.autotest.CreatePage - CreatePage.enterOrder(1,2,3)
2020-10-21 23:07:07.280 [main] INFO  com.ysshha.autotest.StepDefinitions - StepDefinitions.I_see_create_is_enabled()
2020-10-21 23:07:07.280 [main] INFO  com.ysshha.autotest.CreatePage - CreatePage.createButtonEnabled
2020-10-21 23:07:07.356 [main] INFO  com.ysshha.autotest.StepDefinitions - StepDefinitions.i_push_create()
2020-10-21 23:07:07.356 [main] INFO  com.ysshha.autotest.CreatePage - CreatePage.clickCreateButton
2020-10-21 23:07:07.530 [main] INFO  com.ysshha.autotest.StepDefinitions - StepDefinitions.tearDown()
2020-10-21 23:09:46.372 [main] INFO  com.ysshha.autotest.StepDefinitions - StepDefinitions.setUp()
2020-10-21 23:09:46.390 [main] INFO  com.ysshha.autotest.StepDefinitions - StepDefinitions.I_start_browser()
2020-10-21 23:09:46.399 [main] INFO  com.ysshha.autotest.AbstractPage - AbstractPage.AbstractPage()
2020-10-21 23:09:51.577 [main] INFO  com.ysshha.autotest.AbstractPage - AbstractPage.initPage()
2020-10-21 23:09:51.627 [main] INFO  com.ysshha.autotest.StepDefinitions - StepDefinitions.I_load_url(http://localhost:8080/)
2020-10-21 23:09:51.628 [main] INFO  com.ysshha.autotest.AbstractPage - AbstractPage.gotoUrl(http://localhost:8080/)
2020-10-21 23:09:54.570 [main] INFO  com.ysshha.autotest.AbstractPage - AbstractPage.checkUrl(http://localhost:8080/)
2020-10-21 23:09:54.595 [main] INFO  com.ysshha.autotest.StepDefinitions - StepDefinitions.I_check_page()
2020-10-21 23:09:54.595 [main] INFO  com.ysshha.autotest.CreatePage - OrderPage.checkPage()
2020-10-21 23:09:55.131 [main] INFO  com.ysshha.autotest.CreatePage - OrderPage.checkListEmpty()
2020-10-21 23:09:55.158 [main] INFO  com.ysshha.autotest.CreatePage - OrderPage.checkListEmpty() => [0]
2020-10-21 23:09:55.158 [main] INFO  com.ysshha.autotest.StepDefinitions - StepDefinitions.I_create_order(1,2,3)
2020-10-21 23:09:55.159 [main] INFO  com.ysshha.autotest.AbstractPage - AbstractPage.AbstractPage()
2020-10-21 23:09:55.159 [main] INFO  com.ysshha.autotest.AbstractPage - AbstractPage.initPage()
2020-10-21 23:09:55.160 [main] INFO  com.ysshha.autotest.CreatePage - CreatePage.enterOrder(1,2,3)
2020-10-21 23:09:55.733 [main] INFO  com.ysshha.autotest.StepDefinitions - StepDefinitions.I_see_create_is_enabled()
2020-10-21 23:09:55.733 [main] INFO  com.ysshha.autotest.CreatePage - CreatePage.createButtonEnabled
2020-10-21 23:09:55.769 [main] INFO  com.ysshha.autotest.StepDefinitions - StepDefinitions.i_push_create()
2020-10-21 23:09:55.771 [main] INFO  com.ysshha.autotest.CreatePage - CreatePage.clickCreateButton
2020-10-21 23:09:55.858 [main] INFO  com.ysshha.autotest.StepDefinitions - StepDefinitions.tearDown()
2020-10-21 23:12:11.353 [main] INFO  com.ysshha.autotest.StepDefinitions - StepDefinitions.setUp()
2020-10-21 23:12:11.382 [main] INFO  com.ysshha.autotest.StepDefinitions - StepDefinitions.I_start_browser()
2020-10-21 23:12:11.399 [main] INFO  com.ysshha.autotest.AbstractPage - AbstractPage.AbstractPage()
2020-10-21 23:12:16.157 [main] INFO  com.ysshha.autotest.AbstractPage - AbstractPage.initPage()
2020-10-21 23:12:16.222 [main] INFO  com.ysshha.autotest.StepDefinitions - StepDefinitions.I_load_url(http://localhost:8080/)
2020-10-21 23:12:16.223 [main] INFO  com.ysshha.autotest.AbstractPage - AbstractPage.gotoUrl(http://localhost:8080/)
2020-10-21 23:12:20.196 [main] INFO  com.ysshha.autotest.AbstractPage - AbstractPage.checkUrl(http://localhost:8080/)
2020-10-21 23:12:20.214 [main] INFO  com.ysshha.autotest.StepDefinitions - StepDefinitions.I_check_page()
2020-10-21 23:12:20.215 [main] INFO  com.ysshha.autotest.CreatePage - OrderPage.checkPage()
2020-10-21 23:12:20.776 [main] INFO  com.ysshha.autotest.CreatePage - OrderPage.checkListEmpty()
2020-10-21 23:12:20.811 [main] INFO  com.ysshha.autotest.CreatePage - OrderPage.checkListEmpty() => [0]
2020-10-21 23:12:20.812 [main] INFO  com.ysshha.autotest.StepDefinitions - StepDefinitions.I_create_order(1,2,3)
2020-10-21 23:12:20.813 [main] INFO  com.ysshha.autotest.AbstractPage - AbstractPage.AbstractPage()
2020-10-21 23:12:20.813 [main] INFO  com.ysshha.autotest.AbstractPage - AbstractPage.initPage()
2020-10-21 23:12:20.815 [main] INFO  com.ysshha.autotest.CreatePage - CreatePage.enterOrder(1,2,3)
2020-10-21 23:12:22.029 [main] INFO  com.ysshha.autotest.StepDefinitions - StepDefinitions.I_see_create_is_enabled()
2020-10-21 23:12:22.029 [main] INFO  com.ysshha.autotest.CreatePage - CreatePage.createButtonEnabled
2020-10-21 23:12:22.168 [main] INFO  com.ysshha.autotest.StepDefinitions - StepDefinitions.i_push_create()
2020-10-21 23:12:22.168 [main] INFO  com.ysshha.autotest.CreatePage - CreatePage.clickCreateButton
2020-10-21 23:12:22.356 [main] INFO  com.ysshha.autotest.StepDefinitions - StepDefinitions.tearDown()
2020-10-21 23:13:41.292 [main] INFO  com.ysshha.autotest.StepDefinitions - StepDefinitions.setUp()
2020-10-21 23:13:41.316 [main] INFO  com.ysshha.autotest.StepDefinitions - StepDefinitions.I_start_browser()
2020-10-21 23:13:41.332 [main] INFO  com.ysshha.autotest.AbstractPage - AbstractPage.AbstractPage()
2020-10-21 23:13:46.368 [main] INFO  com.ysshha.autotest.AbstractPage - AbstractPage.initPage()
2020-10-21 23:13:46.453 [main] INFO  com.ysshha.autotest.StepDefinitions - StepDefinitions.I_load_url(http://localhost:8080/)
2020-10-21 23:13:46.453 [main] INFO  com.ysshha.autotest.AbstractPage - AbstractPage.gotoUrl(http://localhost:8080/)
2020-10-21 23:13:49.806 [main] INFO  com.ysshha.autotest.AbstractPage - AbstractPage.checkUrl(http://localhost:8080/)
2020-10-21 23:13:49.858 [main] INFO  com.ysshha.autotest.StepDefinitions - StepDefinitions.I_check_page()
2020-10-21 23:13:49.860 [main] INFO  com.ysshha.autotest.CreatePage - OrderPage.checkPage()
2020-10-21 23:13:50.471 [main] INFO  com.ysshha.autotest.CreatePage - OrderPage.checkListEmpty()
2020-10-21 23:13:50.518 [main] INFO  com.ysshha.autotest.CreatePage - OrderPage.checkListEmpty() => empty => [//table[@class="table"]/thead/th[text()="Status"]/th[3]/tbody/tr/td]
2020-10-21 23:13:50.518 [main] INFO  com.ysshha.autotest.CreatePage - OrderPage.checkListEmpty() => num=> [0]
2020-10-21 23:13:50.520 [main] INFO  com.ysshha.autotest.StepDefinitions - StepDefinitions.I_create_order(1,2,3)
2020-10-21 23:13:50.520 [main] INFO  com.ysshha.autotest.AbstractPage - AbstractPage.AbstractPage()
2020-10-21 23:13:50.522 [main] INFO  com.ysshha.autotest.AbstractPage - AbstractPage.initPage()
2020-10-21 23:13:50.522 [main] INFO  com.ysshha.autotest.CreatePage - CreatePage.enterOrder(1,2,3)
2020-10-21 23:13:51.006 [main] INFO  com.ysshha.autotest.StepDefinitions - StepDefinitions.I_see_create_is_enabled()
2020-10-21 23:13:51.006 [main] INFO  com.ysshha.autotest.CreatePage - CreatePage.createButtonEnabled
2020-10-21 23:13:51.051 [main] INFO  com.ysshha.autotest.StepDefinitions - StepDefinitions.i_push_create()
2020-10-21 23:13:51.051 [main] INFO  com.ysshha.autotest.CreatePage - CreatePage.clickCreateButton
2020-10-21 23:13:51.132 [main] INFO  com.ysshha.autotest.StepDefinitions - StepDefinitions.tearDown()
2020-10-21 23:15:35.982 [main] INFO  com.ysshha.autotest.StepDefinitions - StepDefinitions.setUp()
2020-10-21 23:15:36.010 [main] INFO  com.ysshha.autotest.StepDefinitions - StepDefinitions.I_start_browser()
2020-10-21 23:15:36.024 [main] INFO  com.ysshha.autotest.AbstractPage - AbstractPage.AbstractPage()
2020-10-21 23:15:41.835 [main] INFO  com.ysshha.autotest.AbstractPage - AbstractPage.initPage()
2020-10-21 23:15:41.893 [main] INFO  com.ysshha.autotest.StepDefinitions - StepDefinitions.I_load_url(http://localhost:8080/)
2020-10-21 23:15:41.894 [main] INFO  com.ysshha.autotest.AbstractPage - AbstractPage.gotoUrl(http://localhost:8080/)
2020-10-21 23:15:45.133 [main] INFO  com.ysshha.autotest.AbstractPage - AbstractPage.checkUrl(http://localhost:8080/)
2020-10-21 23:15:45.172 [main] INFO  com.ysshha.autotest.StepDefinitions - StepDefinitions.I_check_page()
2020-10-21 23:15:45.172 [main] INFO  com.ysshha.autotest.CreatePage - OrderPage.checkPage()
2020-10-21 23:15:45.980 [main] INFO  com.ysshha.autotest.CreatePage - OrderPage.checkListEmpty()
2020-10-21 23:15:46.007 [main] INFO  com.ysshha.autotest.CreatePage - OrderPage.checkListEmpty() => empty => [//table[@class="table"]/thead/th[text()="Status"]/th/th/th/th/tbody/tr/td]
2020-10-21 23:15:46.007 [main] INFO  com.ysshha.autotest.CreatePage - OrderPage.checkListEmpty() => num=> [0]
2020-10-21 23:15:46.007 [main] INFO  com.ysshha.autotest.StepDefinitions - StepDefinitions.I_create_order(1,2,3)
2020-10-21 23:15:46.008 [main] INFO  com.ysshha.autotest.AbstractPage - AbstractPage.AbstractPage()
2020-10-21 23:15:46.008 [main] INFO  com.ysshha.autotest.AbstractPage - AbstractPage.initPage()
2020-10-21 23:15:46.012 [main] INFO  com.ysshha.autotest.CreatePage - CreatePage.enterOrder(1,2,3)
2020-10-21 23:15:46.777 [main] INFO  com.ysshha.autotest.StepDefinitions - StepDefinitions.I_see_create_is_enabled()
2020-10-21 23:15:46.777 [main] INFO  com.ysshha.autotest.CreatePage - CreatePage.createButtonEnabled
2020-10-21 23:15:46.848 [main] INFO  com.ysshha.autotest.StepDefinitions - StepDefinitions.i_push_create()
2020-10-21 23:15:46.848 [main] INFO  com.ysshha.autotest.CreatePage - CreatePage.clickCreateButton
2020-10-21 23:15:46.984 [main] INFO  com.ysshha.autotest.StepDefinitions - StepDefinitions.tearDown()
2020-10-21 23:19:35.896 [main] INFO  com.ysshha.autotest.StepDefinitions - StepDefinitions.setUp()
2020-10-21 23:19:35.927 [main] INFO  com.ysshha.autotest.StepDefinitions - StepDefinitions.I_start_browser()
2020-10-21 23:19:35.943 [main] INFO  com.ysshha.autotest.AbstractPage - AbstractPage.AbstractPage()
2020-10-21 23:19:41.199 [main] INFO  com.ysshha.autotest.AbstractPage - AbstractPage.initPage()
2020-10-21 23:19:41.305 [main] INFO  com.ysshha.autotest.StepDefinitions - StepDefinitions.I_load_url(http://localhost:8080/)
2020-10-21 23:19:41.306 [main] INFO  com.ysshha.autotest.AbstractPage - AbstractPage.gotoUrl(http://localhost:8080/)
2020-10-21 23:19:44.702 [main] INFO  com.ysshha.autotest.AbstractPage - AbstractPage.checkUrl(http://localhost:8080/)
2020-10-21 23:19:44.722 [main] INFO  com.ysshha.autotest.StepDefinitions - StepDefinitions.I_check_page()
2020-10-21 23:19:44.724 [main] INFO  com.ysshha.autotest.CreatePage - OrderPage.checkPage()
2020-10-21 23:19:45.090 [main] INFO  com.ysshha.autotest.CreatePage - OrderPage.checkListEmpty()
2020-10-21 23:19:45.120 [main] INFO  com.ysshha.autotest.CreatePage - OrderPage.checkListEmpty() => empty => [//table[@class="table"]/thead/th[text()="Card number"]/th/th/th/th/tbody/tr/td]
2020-10-21 23:19:45.120 [main] INFO  com.ysshha.autotest.CreatePage - OrderPage.checkListEmpty() => num=> [0]
2020-10-21 23:19:45.121 [main] INFO  com.ysshha.autotest.StepDefinitions - StepDefinitions.I_create_order(1,2,3)
2020-10-21 23:19:45.121 [main] INFO  com.ysshha.autotest.AbstractPage - AbstractPage.AbstractPage()
2020-10-21 23:19:45.121 [main] INFO  com.ysshha.autotest.AbstractPage - AbstractPage.initPage()
2020-10-21 23:19:45.122 [main] INFO  com.ysshha.autotest.CreatePage - CreatePage.enterOrder(1,2,3)
2020-10-21 23:19:45.828 [main] INFO  com.ysshha.autotest.StepDefinitions - StepDefinitions.I_see_create_is_enabled()
2020-10-21 23:19:45.828 [main] INFO  com.ysshha.autotest.CreatePage - CreatePage.createButtonEnabled
2020-10-21 23:19:45.902 [main] INFO  com.ysshha.autotest.StepDefinitions - StepDefinitions.i_push_create()
2020-10-21 23:19:45.903 [main] INFO  com.ysshha.autotest.CreatePage - CreatePage.clickCreateButton
2020-10-21 23:19:46.020 [main] INFO  com.ysshha.autotest.StepDefinitions - StepDefinitions.tearDown()
2020-10-21 23:25:00.534 [main] INFO  com.ysshha.autotest.StepDefinitions - StepDefinitions.setUp()
2020-10-21 23:25:00.566 [main] INFO  com.ysshha.autotest.StepDefinitions - StepDefinitions.I_start_browser()
2020-10-21 23:25:00.581 [main] INFO  com.ysshha.autotest.AbstractPage - AbstractPage.AbstractPage()
2020-10-21 23:25:05.894 [main] INFO  com.ysshha.autotest.AbstractPage - AbstractPage.initPage()
2020-10-21 23:25:05.958 [main] INFO  com.ysshha.autotest.StepDefinitions - StepDefinitions.I_load_url(http://localhost:8080/)
2020-10-21 23:25:05.958 [main] INFO  com.ysshha.autotest.AbstractPage - AbstractPage.gotoUrl(http://localhost:8080/)
2020-10-21 23:25:09.300 [main] INFO  com.ysshha.autotest.AbstractPage - AbstractPage.checkUrl(http://localhost:8080/)
2020-10-21 23:25:09.347 [main] INFO  com.ysshha.autotest.StepDefinitions - StepDefinitions.I_check_page()
2020-10-21 23:25:09.347 [main] INFO  com.ysshha.autotest.CreatePage - OrderPage.checkPage()
2020-10-21 23:25:09.751 [main] INFO  com.ysshha.autotest.CreatePage - OrderPage.checkListEmpty()
2020-10-21 23:25:09.780 [main] INFO  com.ysshha.autotest.CreatePage - OrderPage.checkListEmpty() => empty => [//table[@class="table"]/thead/th[text()="Card number"]/th/th/th/th/parent::tbodytr/td]
2020-10-21 23:25:09.781 [main] INFO  com.ysshha.autotest.CreatePage - OrderPage.checkListEmpty() => num => [0]
2020-10-21 23:25:09.781 [main] INFO  com.ysshha.autotest.StepDefinitions - StepDefinitions.I_create_order(1,2,3)
2020-10-21 23:25:09.782 [main] INFO  com.ysshha.autotest.AbstractPage - AbstractPage.AbstractPage()
2020-10-21 23:25:09.782 [main] INFO  com.ysshha.autotest.AbstractPage - AbstractPage.initPage()
2020-10-21 23:25:09.783 [main] INFO  com.ysshha.autotest.CreatePage - CreatePage.enterOrder(1,2,3)
2020-10-21 23:25:10.560 [main] INFO  com.ysshha.autotest.StepDefinitions - StepDefinitions.I_see_create_is_enabled()
2020-10-21 23:25:10.562 [main] INFO  com.ysshha.autotest.CreatePage - CreatePage.createButtonEnabled
2020-10-21 23:25:10.649 [main] INFO  com.ysshha.autotest.StepDefinitions - StepDefinitions.i_push_create()
2020-10-21 23:25:10.650 [main] INFO  com.ysshha.autotest.CreatePage - CreatePage.clickCreateButton
2020-10-21 23:25:10.784 [main] INFO  com.ysshha.autotest.StepDefinitions - StepDefinitions.tearDown()
2020-10-21 23:26:03.855 [main] INFO  com.ysshha.autotest.StepDefinitions - StepDefinitions.setUp()
2020-10-21 23:26:03.882 [main] INFO  com.ysshha.autotest.StepDefinitions - StepDefinitions.I_start_browser()
2020-10-21 23:26:03.895 [main] INFO  com.ysshha.autotest.AbstractPage - AbstractPage.AbstractPage()
2020-10-21 23:26:08.376 [main] INFO  com.ysshha.autotest.AbstractPage - AbstractPage.initPage()
2020-10-21 23:26:08.434 [main] INFO  com.ysshha.autotest.StepDefinitions - StepDefinitions.I_load_url(http://localhost:8080/)
2020-10-21 23:26:08.434 [main] INFO  com.ysshha.autotest.AbstractPage - AbstractPage.gotoUrl(http://localhost:8080/)
2020-10-21 23:26:11.312 [main] INFO  com.ysshha.autotest.AbstractPage - AbstractPage.checkUrl(http://localhost:8080/)
2020-10-21 23:26:11.334 [main] INFO  com.ysshha.autotest.StepDefinitions - StepDefinitions.I_check_page()
2020-10-21 23:26:11.334 [main] INFO  com.ysshha.autotest.CreatePage - OrderPage.checkPage()
2020-10-21 23:26:11.737 [main] INFO  com.ysshha.autotest.CreatePage - OrderPage.checkListEmpty()
2020-10-21 23:26:11.760 [main] INFO  com.ysshha.autotest.CreatePage - OrderPage.checkListEmpty() => empty => [//table[@class="table"]/thead/th[text()="Card number"]/th/th/th/th/parent::tbody/tr/td]
2020-10-21 23:26:11.760 [main] INFO  com.ysshha.autotest.CreatePage - OrderPage.checkListEmpty() => num => [0]
2020-10-21 23:26:11.761 [main] INFO  com.ysshha.autotest.StepDefinitions - StepDefinitions.I_create_order(1,2,3)
2020-10-21 23:26:11.762 [main] INFO  com.ysshha.autotest.AbstractPage - AbstractPage.AbstractPage()
2020-10-21 23:26:11.762 [main] INFO  com.ysshha.autotest.AbstractPage - AbstractPage.initPage()
2020-10-21 23:26:11.763 [main] INFO  com.ysshha.autotest.CreatePage - CreatePage.enterOrder(1,2,3)
2020-10-21 23:26:12.265 [main] INFO  com.ysshha.autotest.StepDefinitions - StepDefinitions.I_see_create_is_enabled()
2020-10-21 23:26:12.266 [main] INFO  com.ysshha.autotest.CreatePage - CreatePage.createButtonEnabled
2020-10-21 23:26:12.319 [main] INFO  com.ysshha.autotest.StepDefinitions - StepDefinitions.i_push_create()
2020-10-21 23:26:12.319 [main] INFO  com.ysshha.autotest.CreatePage - CreatePage.clickCreateButton
2020-10-21 23:26:12.441 [main] INFO  com.ysshha.autotest.StepDefinitions - StepDefinitions.tearDown()
2020-10-21 23:27:39.706 [main] INFO  com.ysshha.autotest.StepDefinitions - StepDefinitions.setUp()
2020-10-21 23:27:39.750 [main] INFO  com.ysshha.autotest.StepDefinitions - StepDefinitions.I_start_browser()
2020-10-21 23:27:39.764 [main] INFO  com.ysshha.autotest.AbstractPage - AbstractPage.AbstractPage()
2020-10-21 23:27:44.353 [main] INFO  com.ysshha.autotest.AbstractPage - AbstractPage.initPage()
2020-10-21 23:27:44.425 [main] INFO  com.ysshha.autotest.StepDefinitions - StepDefinitions.I_load_url(http://localhost:8080/)
2020-10-21 23:27:44.425 [main] INFO  com.ysshha.autotest.AbstractPage - AbstractPage.gotoUrl(http://localhost:8080/)
2020-10-21 23:27:47.588 [main] INFO  com.ysshha.autotest.AbstractPage - AbstractPage.checkUrl(http://localhost:8080/)
2020-10-21 23:27:47.621 [main] INFO  com.ysshha.autotest.StepDefinitions - StepDefinitions.I_check_page()
2020-10-21 23:27:47.621 [main] INFO  com.ysshha.autotest.CreatePage - OrderPage.checkPage()
2020-10-21 23:27:48.334 [main] INFO  com.ysshha.autotest.CreatePage - OrderPage.checkListEmpty()
2020-10-21 23:27:48.380 [main] INFO  com.ysshha.autotest.CreatePage - OrderPage.checkListEmpty() => empty => [//table[@class="table"]/thead/th[text()="Card number"]/th/th/th/th/parent::thead/tbody/tr/td]
2020-10-21 23:27:48.381 [main] INFO  com.ysshha.autotest.CreatePage - OrderPage.checkListEmpty() => num => [0]
2020-10-21 23:27:48.382 [main] INFO  com.ysshha.autotest.StepDefinitions - StepDefinitions.I_create_order(1,2,3)
2020-10-21 23:27:48.382 [main] INFO  com.ysshha.autotest.AbstractPage - AbstractPage.AbstractPage()
2020-10-21 23:27:48.383 [main] INFO  com.ysshha.autotest.AbstractPage - AbstractPage.initPage()
2020-10-21 23:27:48.384 [main] INFO  com.ysshha.autotest.CreatePage - CreatePage.enterOrder(1,2,3)
2020-10-21 23:27:49.174 [main] INFO  com.ysshha.autotest.StepDefinitions - StepDefinitions.I_see_create_is_enabled()
2020-10-21 23:27:49.174 [main] INFO  com.ysshha.autotest.CreatePage - CreatePage.createButtonEnabled
2020-10-21 23:27:49.285 [main] INFO  com.ysshha.autotest.StepDefinitions - StepDefinitions.i_push_create()
2020-10-21 23:27:49.285 [main] INFO  com.ysshha.autotest.CreatePage - CreatePage.clickCreateButton
2020-10-21 23:27:49.485 [main] INFO  com.ysshha.autotest.StepDefinitions - StepDefinitions.tearDown()
2020-10-21 23:29:39.444 [main] INFO  com.ysshha.autotest.StepDefinitions - StepDefinitions.setUp()
2020-10-21 23:29:39.472 [main] INFO  com.ysshha.autotest.StepDefinitions - StepDefinitions.I_start_browser()
2020-10-21 23:29:39.491 [main] INFO  com.ysshha.autotest.AbstractPage - AbstractPage.AbstractPage()
2020-10-21 23:29:46.420 [main] INFO  com.ysshha.autotest.AbstractPage - AbstractPage.initPage()
2020-10-21 23:29:46.467 [main] INFO  com.ysshha.autotest.StepDefinitions - StepDefinitions.I_load_url(http://localhost:8080/)
2020-10-21 23:29:46.467 [main] INFO  com.ysshha.autotest.AbstractPage - AbstractPage.gotoUrl(http://localhost:8080/)
2020-10-21 23:29:49.966 [main] INFO  com.ysshha.autotest.AbstractPage - AbstractPage.checkUrl(http://localhost:8080/)
2020-10-21 23:29:49.985 [main] INFO  com.ysshha.autotest.StepDefinitions - StepDefinitions.I_check_page()
2020-10-21 23:29:49.988 [main] INFO  com.ysshha.autotest.CreatePage - OrderPage.checkPage()
2020-10-21 23:29:50.449 [main] INFO  com.ysshha.autotest.CreatePage - OrderPage.checkListEmpty()
2020-10-21 23:29:50.486 [main] INFO  com.ysshha.autotest.CreatePage - OrderPage.checkListEmpty() => empty => [//table[@class="table"]/thead/th[text()="Card number"]/th/th/th/th/parent::thead/tbody]
2020-10-21 23:29:50.486 [main] INFO  com.ysshha.autotest.CreatePage - OrderPage.checkListEmpty() => num => [0]
2020-10-21 23:29:50.487 [main] INFO  com.ysshha.autotest.StepDefinitions - StepDefinitions.I_create_order(1,2,3)
2020-10-21 23:29:50.487 [main] INFO  com.ysshha.autotest.AbstractPage - AbstractPage.AbstractPage()
2020-10-21 23:29:50.487 [main] INFO  com.ysshha.autotest.AbstractPage - AbstractPage.initPage()
2020-10-21 23:29:50.488 [main] INFO  com.ysshha.autotest.CreatePage - CreatePage.enterOrder(1,2,3)
2020-10-21 23:29:51.043 [main] INFO  com.ysshha.autotest.StepDefinitions - StepDefinitions.I_see_create_is_enabled()
2020-10-21 23:29:51.043 [main] INFO  com.ysshha.autotest.CreatePage - CreatePage.createButtonEnabled
2020-10-21 23:29:51.091 [main] INFO  com.ysshha.autotest.StepDefinitions - StepDefinitions.i_push_create()
2020-10-21 23:29:51.091 [main] INFO  com.ysshha.autotest.CreatePage - CreatePage.clickCreateButton
2020-10-21 23:29:51.193 [main] INFO  com.ysshha.autotest.StepDefinitions - StepDefinitions.tearDown()
2020-10-21 23:31:41.386 [main] INFO  com.ysshha.autotest.StepDefinitions - StepDefinitions.setUp()
2020-10-21 23:31:41.417 [main] INFO  com.ysshha.autotest.StepDefinitions - StepDefinitions.I_start_browser()
2020-10-21 23:31:41.434 [main] INFO  com.ysshha.autotest.AbstractPage - AbstractPage.AbstractPage()
2020-10-21 23:31:46.452 [main] INFO  com.ysshha.autotest.AbstractPage - AbstractPage.initPage()
2020-10-21 23:31:46.509 [main] INFO  com.ysshha.autotest.StepDefinitions - StepDefinitions.I_load_url(http://localhost:8080/)
2020-10-21 23:31:46.509 [main] INFO  com.ysshha.autotest.AbstractPage - AbstractPage.gotoUrl(http://localhost:8080/)
2020-10-21 23:31:50.135 [main] INFO  com.ysshha.autotest.AbstractPage - AbstractPage.checkUrl(http://localhost:8080/)
2020-10-21 23:31:50.157 [main] INFO  com.ysshha.autotest.StepDefinitions - StepDefinitions.I_check_page()
2020-10-21 23:31:50.160 [main] INFO  com.ysshha.autotest.CreatePage - OrderPage.checkPage()
2020-10-21 23:31:50.885 [main] INFO  com.ysshha.autotest.CreatePage - OrderPage.checkListEmpty()
2020-10-21 23:31:50.929 [main] INFO  com.ysshha.autotest.CreatePage - OrderPage.checkListEmpty() => empty => [//table[@class="table"]]
2020-10-21 23:31:50.930 [main] INFO  com.ysshha.autotest.CreatePage - OrderPage.checkListEmpty() => num => [1]
2020-10-21 23:31:50.931 [main] INFO  com.ysshha.autotest.StepDefinitions - StepDefinitions.I_create_order(1,2,3)
2020-10-21 23:31:50.931 [main] INFO  com.ysshha.autotest.AbstractPage - AbstractPage.AbstractPage()
2020-10-21 23:31:50.931 [main] INFO  com.ysshha.autotest.AbstractPage - AbstractPage.initPage()
2020-10-21 23:31:50.933 [main] INFO  com.ysshha.autotest.CreatePage - CreatePage.enterOrder(1,2,3)
2020-10-21 23:31:52.044 [main] INFO  com.ysshha.autotest.StepDefinitions - StepDefinitions.I_see_create_is_enabled()
2020-10-21 23:31:52.045 [main] INFO  com.ysshha.autotest.CreatePage - CreatePage.createButtonEnabled
2020-10-21 23:31:52.251 [main] INFO  com.ysshha.autotest.StepDefinitions - StepDefinitions.i_push_create()
2020-10-21 23:31:52.252 [main] INFO  com.ysshha.autotest.CreatePage - CreatePage.clickCreateButton
2020-10-21 23:31:52.450 [main] INFO  com.ysshha.autotest.StepDefinitions - StepDefinitions.tearDown()
2020-10-21 23:33:01.448 [main] INFO  com.ysshha.autotest.StepDefinitions - StepDefinitions.setUp()
2020-10-21 23:33:01.481 [main] INFO  com.ysshha.autotest.StepDefinitions - StepDefinitions.I_start_browser()
2020-10-21 23:33:01.507 [main] INFO  com.ysshha.autotest.AbstractPage - AbstractPage.AbstractPage()
2020-10-21 23:33:06.550 [main] INFO  com.ysshha.autotest.AbstractPage - AbstractPage.initPage()
2020-10-21 23:33:06.607 [main] INFO  com.ysshha.autotest.StepDefinitions - StepDefinitions.I_load_url(http://localhost:8080/)
2020-10-21 23:33:06.608 [main] INFO  com.ysshha.autotest.AbstractPage - AbstractPage.gotoUrl(http://localhost:8080/)
2020-10-21 23:33:09.697 [main] INFO  com.ysshha.autotest.AbstractPage - AbstractPage.checkUrl(http://localhost:8080/)
2020-10-21 23:33:09.716 [main] INFO  com.ysshha.autotest.StepDefinitions - StepDefinitions.I_check_page()
2020-10-21 23:33:09.717 [main] INFO  com.ysshha.autotest.CreatePage - OrderPage.checkPage()
2020-10-21 23:33:10.441 [main] INFO  com.ysshha.autotest.CreatePage - OrderPage.checkListEmpty()
2020-10-21 23:33:10.495 [main] INFO  com.ysshha.autotest.CreatePage - OrderPage.checkListEmpty() => empty => [//table[@class="table"]/thead/th]
2020-10-21 23:33:10.496 [main] INFO  com.ysshha.autotest.CreatePage - OrderPage.checkListEmpty() => num => [5]
2020-10-21 23:33:10.497 [main] INFO  com.ysshha.autotest.StepDefinitions - StepDefinitions.I_create_order(1,2,3)
2020-10-21 23:33:10.497 [main] INFO  com.ysshha.autotest.AbstractPage - AbstractPage.AbstractPage()
2020-10-21 23:33:10.498 [main] INFO  com.ysshha.autotest.AbstractPage - AbstractPage.initPage()
2020-10-21 23:33:10.499 [main] INFO  com.ysshha.autotest.CreatePage - CreatePage.enterOrder(1,2,3)
2020-10-21 23:33:11.408 [main] INFO  com.ysshha.autotest.StepDefinitions - StepDefinitions.I_see_create_is_enabled()
2020-10-21 23:33:11.410 [main] INFO  com.ysshha.autotest.CreatePage - CreatePage.createButtonEnabled
2020-10-21 23:33:11.490 [main] INFO  com.ysshha.autotest.StepDefinitions - StepDefinitions.i_push_create()
2020-10-21 23:33:11.491 [main] INFO  com.ysshha.autotest.CreatePage - CreatePage.clickCreateButton
2020-10-21 23:33:11.635 [main] INFO  com.ysshha.autotest.StepDefinitions - StepDefinitions.tearDown()
2020-10-21 23:35:31.260 [main] INFO  com.ysshha.autotest.StepDefinitions - StepDefinitions.setUp()
2020-10-21 23:35:31.285 [main] INFO  com.ysshha.autotest.StepDefinitions - StepDefinitions.I_start_browser()
2020-10-21 23:35:31.302 [main] INFO  com.ysshha.autotest.AbstractPage - AbstractPage.AbstractPage()
2020-10-21 23:35:36.188 [main] INFO  com.ysshha.autotest.AbstractPage - AbstractPage.initPage()
2020-10-21 23:35:36.240 [main] INFO  com.ysshha.autotest.StepDefinitions - StepDefinitions.I_load_url(http://localhost:8080/)
2020-10-21 23:35:36.241 [main] INFO  com.ysshha.autotest.AbstractPage - AbstractPage.gotoUrl(http://localhost:8080/)
2020-10-21 23:35:39.667 [main] INFO  com.ysshha.autotest.AbstractPage - AbstractPage.checkUrl(http://localhost:8080/)
2020-10-21 23:35:39.700 [main] INFO  com.ysshha.autotest.StepDefinitions - StepDefinitions.I_check_page()
2020-10-21 23:35:39.701 [main] INFO  com.ysshha.autotest.CreatePage - OrderPage.checkPage()
2020-10-21 23:35:40.317 [main] INFO  com.ysshha.autotest.CreatePage - OrderPage.checkListEmpty()
2020-10-21 23:35:40.367 [main] INFO  com.ysshha.autotest.CreatePage - OrderPage.checkListEmpty() => empty => [//table[@class="table"]/thead/th[5]/parent::thead]
2020-10-21 23:35:40.368 [main] INFO  com.ysshha.autotest.CreatePage - OrderPage.checkListEmpty() => num => [1]
2020-10-21 23:35:40.369 [main] INFO  com.ysshha.autotest.StepDefinitions - StepDefinitions.I_create_order(1,2,3)
2020-10-21 23:35:40.369 [main] INFO  com.ysshha.autotest.AbstractPage - AbstractPage.AbstractPage()
2020-10-21 23:35:40.369 [main] INFO  com.ysshha.autotest.AbstractPage - AbstractPage.initPage()
2020-10-21 23:35:40.371 [main] INFO  com.ysshha.autotest.CreatePage - CreatePage.enterOrder(1,2,3)
2020-10-21 23:35:41.705 [main] INFO  com.ysshha.autotest.StepDefinitions - StepDefinitions.I_see_create_is_enabled()
2020-10-21 23:35:41.705 [main] INFO  com.ysshha.autotest.CreatePage - CreatePage.createButtonEnabled
2020-10-21 23:35:41.810 [main] INFO  com.ysshha.autotest.StepDefinitions - StepDefinitions.i_push_create()
2020-10-21 23:35:41.811 [main] INFO  com.ysshha.autotest.CreatePage - CreatePage.clickCreateButton
2020-10-21 23:35:41.952 [main] INFO  com.ysshha.autotest.StepDefinitions - StepDefinitions.tearDown()
2020-10-21 23:36:43.708 [main] INFO  com.ysshha.autotest.StepDefinitions - StepDefinitions.setUp()
2020-10-21 23:36:43.739 [main] INFO  com.ysshha.autotest.StepDefinitions - StepDefinitions.I_start_browser()
2020-10-21 23:36:43.751 [main] INFO  com.ysshha.autotest.AbstractPage - AbstractPage.AbstractPage()
2020-10-21 23:36:49.018 [main] INFO  com.ysshha.autotest.AbstractPage - AbstractPage.initPage()
2020-10-21 23:36:49.082 [main] INFO  com.ysshha.autotest.StepDefinitions - StepDefinitions.I_load_url(http://localhost:8080/)
2020-10-21 23:36:49.082 [main] INFO  com.ysshha.autotest.AbstractPage - AbstractPage.gotoUrl(http://localhost:8080/)
2020-10-21 23:36:52.586 [main] INFO  com.ysshha.autotest.AbstractPage - AbstractPage.checkUrl(http://localhost:8080/)
2020-10-21 23:36:52.675 [main] INFO  com.ysshha.autotest.StepDefinitions - StepDefinitions.I_check_page()
2020-10-21 23:36:52.676 [main] INFO  com.ysshha.autotest.CreatePage - OrderPage.checkPage()
2020-10-21 23:36:54.202 [main] INFO  com.ysshha.autotest.CreatePage - OrderPage.checkListEmpty()
2020-10-21 23:36:54.251 [main] INFO  com.ysshha.autotest.CreatePage - OrderPage.checkListEmpty() => empty => [//table[@class="table"]/thead/th[5]/parent::thead/tbody]
2020-10-21 23:36:54.252 [main] INFO  com.ysshha.autotest.CreatePage - OrderPage.checkListEmpty() => num => [0]
2020-10-21 23:36:54.253 [main] INFO  com.ysshha.autotest.StepDefinitions - StepDefinitions.I_create_order(1,2,3)
2020-10-21 23:36:54.254 [main] INFO  com.ysshha.autotest.AbstractPage - AbstractPage.AbstractPage()
2020-10-21 23:36:54.254 [main] INFO  com.ysshha.autotest.AbstractPage - AbstractPage.initPage()
2020-10-21 23:36:54.256 [main] INFO  com.ysshha.autotest.CreatePage - CreatePage.enterOrder(1,2,3)
2020-10-21 23:36:55.164 [main] INFO  com.ysshha.autotest.StepDefinitions - StepDefinitions.I_see_create_is_enabled()
2020-10-21 23:36:55.165 [main] INFO  com.ysshha.autotest.CreatePage - CreatePage.createButtonEnabled
2020-10-21 23:36:55.250 [main] INFO  com.ysshha.autotest.StepDefinitions - StepDefinitions.i_push_create()
2020-10-21 23:36:55.250 [main] INFO  com.ysshha.autotest.CreatePage - CreatePage.clickCreateButton
2020-10-21 23:36:55.461 [main] INFO  com.ysshha.autotest.StepDefinitions - StepDefinitions.tearDown()
2020-10-21 23:37:33.941 [main] INFO  com.ysshha.autotest.StepDefinitions - StepDefinitions.setUp()
2020-10-21 23:37:33.980 [main] INFO  com.ysshha.autotest.StepDefinitions - StepDefinitions.I_start_browser()
2020-10-21 23:37:33.993 [main] INFO  com.ysshha.autotest.AbstractPage - AbstractPage.AbstractPage()
2020-10-21 23:37:39.226 [main] INFO  com.ysshha.autotest.AbstractPage - AbstractPage.initPage()
2020-10-21 23:37:39.281 [main] INFO  com.ysshha.autotest.StepDefinitions - StepDefinitions.I_load_url(http://localhost:8080/)
2020-10-21 23:37:39.282 [main] INFO  com.ysshha.autotest.AbstractPage - AbstractPage.gotoUrl(http://localhost:8080/)
2020-10-21 23:37:42.232 [main] INFO  com.ysshha.autotest.AbstractPage - AbstractPage.checkUrl(http://localhost:8080/)
2020-10-21 23:37:42.292 [main] INFO  com.ysshha.autotest.StepDefinitions - StepDefinitions.I_check_page()
2020-10-21 23:37:42.293 [main] INFO  com.ysshha.autotest.CreatePage - OrderPage.checkPage()
2020-10-21 23:37:42.726 [main] INFO  com.ysshha.autotest.CreatePage - OrderPage.checkListEmpty()
2020-10-21 23:37:42.749 [main] INFO  com.ysshha.autotest.CreatePage - OrderPage.checkListEmpty() => empty => [//table[@class="table"]/thead/th[5]/parent::thead]
2020-10-21 23:37:42.750 [main] INFO  com.ysshha.autotest.CreatePage - OrderPage.checkListEmpty() => num => [1]
2020-10-21 23:37:42.750 [main] INFO  com.ysshha.autotest.StepDefinitions - StepDefinitions.I_create_order(1,2,3)
2020-10-21 23:37:42.751 [main] INFO  com.ysshha.autotest.AbstractPage - AbstractPage.AbstractPage()
2020-10-21 23:37:42.752 [main] INFO  com.ysshha.autotest.AbstractPage - AbstractPage.initPage()
2020-10-21 23:37:42.754 [main] INFO  com.ysshha.autotest.CreatePage - CreatePage.enterOrder(1,2,3)
2020-10-21 23:37:43.406 [main] INFO  com.ysshha.autotest.StepDefinitions - StepDefinitions.I_see_create_is_enabled()
2020-10-21 23:37:43.406 [main] INFO  com.ysshha.autotest.CreatePage - CreatePage.createButtonEnabled
2020-10-21 23:37:43.715 [main] INFO  com.ysshha.autotest.StepDefinitions - StepDefinitions.i_push_create()
2020-10-21 23:37:43.715 [main] INFO  com.ysshha.autotest.CreatePage - CreatePage.clickCreateButton
2020-10-21 23:37:43.886 [main] INFO  com.ysshha.autotest.StepDefinitions - StepDefinitions.tearDown()
2020-10-21 23:38:59.831 [main] INFO  com.ysshha.autotest.StepDefinitions - StepDefinitions.setUp()
2020-10-21 23:38:59.863 [main] INFO  com.ysshha.autotest.StepDefinitions - StepDefinitions.I_start_browser()
2020-10-21 23:38:59.878 [main] INFO  com.ysshha.autotest.AbstractPage - AbstractPage.AbstractPage()
2020-10-21 23:39:05.170 [main] INFO  com.ysshha.autotest.AbstractPage - AbstractPage.initPage()
2020-10-21 23:39:05.232 [main] INFO  com.ysshha.autotest.StepDefinitions - StepDefinitions.I_load_url(http://localhost:8080/)
2020-10-21 23:39:05.233 [main] INFO  com.ysshha.autotest.AbstractPage - AbstractPage.gotoUrl(http://localhost:8080/)
2020-10-21 23:39:08.865 [main] INFO  com.ysshha.autotest.AbstractPage - AbstractPage.checkUrl(http://localhost:8080/)
2020-10-21 23:39:08.919 [main] INFO  com.ysshha.autotest.StepDefinitions - StepDefinitions.I_check_page()
2020-10-21 23:39:08.919 [main] INFO  com.ysshha.autotest.CreatePage - OrderPage.checkPage()
2020-10-21 23:39:09.724 [main] INFO  com.ysshha.autotest.CreatePage - OrderPage.checkListEmpty()
2020-10-21 23:39:09.768 [main] INFO  com.ysshha.autotest.CreatePage - OrderPage.checkListEmpty() => empty => [//table[@class="table"]/thead/th/th/th/th/th/parent::thead]
2020-10-21 23:39:09.769 [main] INFO  com.ysshha.autotest.CreatePage - OrderPage.checkListEmpty() => num => [0]
2020-10-21 23:39:09.770 [main] INFO  com.ysshha.autotest.StepDefinitions - StepDefinitions.I_create_order(1,2,3)
2020-10-21 23:39:09.771 [main] INFO  com.ysshha.autotest.AbstractPage - AbstractPage.AbstractPage()
2020-10-21 23:39:09.772 [main] INFO  com.ysshha.autotest.AbstractPage - AbstractPage.initPage()
2020-10-21 23:39:09.774 [main] INFO  com.ysshha.autotest.CreatePage - CreatePage.enterOrder(1,2,3)
2020-10-21 23:39:10.861 [main] INFO  com.ysshha.autotest.StepDefinitions - StepDefinitions.I_see_create_is_enabled()
2020-10-21 23:39:10.862 [main] INFO  com.ysshha.autotest.CreatePage - CreatePage.createButtonEnabled
2020-10-21 23:39:11.005 [main] INFO  com.ysshha.autotest.StepDefinitions - StepDefinitions.i_push_create()
2020-10-21 23:39:11.005 [main] INFO  com.ysshha.autotest.CreatePage - CreatePage.clickCreateButton
2020-10-21 23:39:11.181 [main] INFO  com.ysshha.autotest.StepDefinitions - StepDefinitions.tearDown()
2020-10-21 23:40:49.843 [main] INFO  com.ysshha.autotest.StepDefinitions - StepDefinitions.setUp()
2020-10-21 23:40:49.867 [main] INFO  com.ysshha.autotest.StepDefinitions - StepDefinitions.I_start_browser()
2020-10-21 23:40:49.882 [main] INFO  com.ysshha.autotest.AbstractPage - AbstractPage.AbstractPage()
2020-10-21 23:40:54.514 [main] INFO  com.ysshha.autotest.AbstractPage - AbstractPage.initPage()
2020-10-21 23:40:54.579 [main] INFO  com.ysshha.autotest.StepDefinitions - StepDefinitions.I_load_url(http://localhost:8080/)
2020-10-21 23:40:54.580 [main] INFO  com.ysshha.autotest.AbstractPage - AbstractPage.gotoUrl(http://localhost:8080/)
2020-10-21 23:40:57.423 [main] INFO  com.ysshha.autotest.AbstractPage - AbstractPage.checkUrl(http://localhost:8080/)
2020-10-21 23:40:57.482 [main] INFO  com.ysshha.autotest.StepDefinitions - StepDefinitions.I_check_page()
2020-10-21 23:40:57.482 [main] INFO  com.ysshha.autotest.CreatePage - OrderPage.checkPage()
2020-10-21 23:40:58.002 [main] INFO  com.ysshha.autotest.CreatePage - OrderPage.checkListEmpty()
2020-10-21 23:40:58.043 [main] INFO  com.ysshha.autotest.CreatePage - OrderPage.checkListEmpty() => empty => [//table[@class="table"]/thead/th[text()="Card number"]/parent::thead]
2020-10-21 23:40:58.044 [main] INFO  com.ysshha.autotest.CreatePage - OrderPage.checkListEmpty() => num => [1]
2020-10-21 23:40:58.045 [main] INFO  com.ysshha.autotest.StepDefinitions - StepDefinitions.I_create_order(1,2,3)
2020-10-21 23:40:58.046 [main] INFO  com.ysshha.autotest.AbstractPage - AbstractPage.AbstractPage()
2020-10-21 23:40:58.046 [main] INFO  com.ysshha.autotest.AbstractPage - AbstractPage.initPage()
2020-10-21 23:40:58.048 [main] INFO  com.ysshha.autotest.CreatePage - CreatePage.enterOrder(1,2,3)
2020-10-21 23:40:59.059 [main] INFO  com.ysshha.autotest.StepDefinitions - StepDefinitions.I_see_create_is_enabled()
2020-10-21 23:40:59.060 [main] INFO  com.ysshha.autotest.CreatePage - CreatePage.createButtonEnabled
2020-10-21 23:40:59.166 [main] INFO  com.ysshha.autotest.StepDefinitions - StepDefinitions.i_push_create()
2020-10-21 23:40:59.167 [main] INFO  com.ysshha.autotest.CreatePage - CreatePage.clickCreateButton
2020-10-21 23:40:59.306 [main] INFO  com.ysshha.autotest.StepDefinitions - StepDefinitions.tearDown()
2020-10-21 23:41:57.780 [main] INFO  com.ysshha.autotest.StepDefinitions - StepDefinitions.setUp()
2020-10-21 23:41:57.808 [main] INFO  com.ysshha.autotest.StepDefinitions - StepDefinitions.I_start_browser()
2020-10-21 23:41:57.821 [main] INFO  com.ysshha.autotest.AbstractPage - AbstractPage.AbstractPage()
2020-10-21 23:42:03.949 [main] INFO  com.ysshha.autotest.AbstractPage - AbstractPage.initPage()
2020-10-21 23:42:04.022 [main] INFO  com.ysshha.autotest.StepDefinitions - StepDefinitions.I_load_url(http://localhost:8080/)
2020-10-21 23:42:04.023 [main] INFO  com.ysshha.autotest.AbstractPage - AbstractPage.gotoUrl(http://localhost:8080/)
2020-10-21 23:42:07.528 [main] INFO  com.ysshha.autotest.AbstractPage - AbstractPage.checkUrl(http://localhost:8080/)
2020-10-21 23:42:07.627 [main] INFO  com.ysshha.autotest.StepDefinitions - StepDefinitions.I_check_page()
2020-10-21 23:42:07.628 [main] INFO  com.ysshha.autotest.CreatePage - OrderPage.checkPage()
2020-10-21 23:42:08.269 [main] INFO  com.ysshha.autotest.CreatePage - OrderPage.checkListEmpty()
2020-10-21 23:42:08.316 [main] INFO  com.ysshha.autotest.CreatePage - OrderPage.checkListEmpty() => empty => [//table[@class="table"]/thead/th[text()="Card number"]/parent::thead/tbody]
2020-10-21 23:42:08.318 [main] INFO  com.ysshha.autotest.CreatePage - OrderPage.checkListEmpty() => num => [0]
2020-10-21 23:42:08.319 [main] INFO  com.ysshha.autotest.StepDefinitions - StepDefinitions.I_create_order(1,2,3)
2020-10-21 23:42:08.320 [main] INFO  com.ysshha.autotest.AbstractPage - AbstractPage.AbstractPage()
2020-10-21 23:42:08.321 [main] INFO  com.ysshha.autotest.AbstractPage - AbstractPage.initPage()
2020-10-21 23:42:08.322 [main] INFO  com.ysshha.autotest.CreatePage - CreatePage.enterOrder(1,2,3)
2020-10-21 23:42:09.340 [main] INFO  com.ysshha.autotest.StepDefinitions - StepDefinitions.I_see_create_is_enabled()
2020-10-21 23:42:09.341 [main] INFO  com.ysshha.autotest.CreatePage - CreatePage.createButtonEnabled
2020-10-21 23:42:09.434 [main] INFO  com.ysshha.autotest.StepDefinitions - StepDefinitions.i_push_create()
2020-10-21 23:42:09.434 [main] INFO  com.ysshha.autotest.CreatePage - CreatePage.clickCreateButton
2020-10-21 23:42:09.607 [main] INFO  com.ysshha.autotest.StepDefinitions - StepDefinitions.tearDown()
2020-10-21 23:43:30.532 [main] INFO  com.ysshha.autotest.StepDefinitions - StepDefinitions.setUp()
2020-10-21 23:43:30.583 [main] INFO  com.ysshha.autotest.StepDefinitions - StepDefinitions.I_start_browser()
2020-10-21 23:43:30.612 [main] INFO  com.ysshha.autotest.AbstractPage - AbstractPage.AbstractPage()
2020-10-21 23:43:35.680 [main] INFO  com.ysshha.autotest.AbstractPage - AbstractPage.initPage()
2020-10-21 23:43:35.732 [main] INFO  com.ysshha.autotest.StepDefinitions - StepDefinitions.I_load_url(http://localhost:8080/)
2020-10-21 23:43:35.733 [main] INFO  com.ysshha.autotest.AbstractPage - AbstractPage.gotoUrl(http://localhost:8080/)
2020-10-21 23:43:38.831 [main] INFO  com.ysshha.autotest.AbstractPage - AbstractPage.checkUrl(http://localhost:8080/)
2020-10-21 23:43:38.853 [main] INFO  com.ysshha.autotest.StepDefinitions - StepDefinitions.I_check_page()
2020-10-21 23:43:38.857 [main] INFO  com.ysshha.autotest.CreatePage - OrderPage.checkPage()
2020-10-21 23:43:39.487 [main] INFO  com.ysshha.autotest.CreatePage - OrderPage.checkListEmpty()
2020-10-21 23:43:39.529 [main] INFO  com.ysshha.autotest.CreatePage - OrderPage.checkListEmpty() => empty => [//table[@class="table"]/thead/th[text()="Card number"]/parent::thead/th[5]/tbody]
2020-10-21 23:43:39.529 [main] INFO  com.ysshha.autotest.CreatePage - OrderPage.checkListEmpty() => num => [0]
2020-10-21 23:43:39.531 [main] INFO  com.ysshha.autotest.StepDefinitions - StepDefinitions.I_create_order(1,2,3)
2020-10-21 23:43:39.531 [main] INFO  com.ysshha.autotest.AbstractPage - AbstractPage.AbstractPage()
2020-10-21 23:43:39.532 [main] INFO  com.ysshha.autotest.AbstractPage - AbstractPage.initPage()
2020-10-21 23:43:39.533 [main] INFO  com.ysshha.autotest.CreatePage - CreatePage.enterOrder(1,2,3)
2020-10-21 23:43:40.407 [main] INFO  com.ysshha.autotest.StepDefinitions - StepDefinitions.I_see_create_is_enabled()
2020-10-21 23:43:40.408 [main] INFO  com.ysshha.autotest.CreatePage - CreatePage.createButtonEnabled
2020-10-21 23:43:40.488 [main] INFO  com.ysshha.autotest.StepDefinitions - StepDefinitions.i_push_create()
2020-10-21 23:43:40.488 [main] INFO  com.ysshha.autotest.CreatePage - CreatePage.clickCreateButton
2020-10-21 23:43:40.621 [main] INFO  com.ysshha.autotest.StepDefinitions - StepDefinitions.tearDown()
2020-10-21 23:51:31.492 [main] INFO  com.ysshha.autotest.StepDefinitions - StepDefinitions.setUp()
2020-10-21 23:51:31.507 [main] INFO  com.ysshha.autotest.StepDefinitions - StepDefinitions.I_start_browser()
2020-10-21 23:51:31.518 [main] INFO  com.ysshha.autotest.AbstractPage - AbstractPage.AbstractPage()
2020-10-21 23:51:36.192 [main] INFO  com.ysshha.autotest.AbstractPage - AbstractPage.initPage()
2020-10-21 23:51:36.248 [main] INFO  com.ysshha.autotest.StepDefinitions - StepDefinitions.I_load_url(http://localhost:8080/)
2020-10-21 23:51:36.248 [main] INFO  com.ysshha.autotest.AbstractPage - AbstractPage.gotoUrl(http://localhost:8080/)
2020-10-21 23:51:40.122 [main] INFO  com.ysshha.autotest.AbstractPage - AbstractPage.checkUrl(http://localhost:8080/)
2020-10-21 23:51:40.173 [main] INFO  com.ysshha.autotest.StepDefinitions - StepDefinitions.I_check_page()
2020-10-21 23:51:40.174 [main] INFO  com.ysshha.autotest.CreatePage - OrderPage.checkPage()
2020-10-21 23:51:40.965 [main] INFO  com.ysshha.autotest.CreatePage - OrderPage.checkListEmpty()
2020-10-21 23:51:41.048 [main] INFO  com.ysshha.autotest.CreatePage - OrderPage.checkListEmpty() => empty => [//table[@class="table"]/thead/th[5]/parent::thead/tbody]
2020-10-21 23:51:41.049 [main] INFO  com.ysshha.autotest.CreatePage - OrderPage.checkListEmpty() => num => [0]
2020-10-21 23:51:41.050 [main] INFO  com.ysshha.autotest.StepDefinitions - StepDefinitions.I_create_order(1,2,3)
2020-10-21 23:51:41.051 [main] INFO  com.ysshha.autotest.AbstractPage - AbstractPage.AbstractPage()
2020-10-21 23:51:41.051 [main] INFO  com.ysshha.autotest.AbstractPage - AbstractPage.initPage()
2020-10-21 23:51:41.054 [main] INFO  com.ysshha.autotest.CreatePage - CreatePage.enterOrder(1,2,3)
2020-10-21 23:51:42.202 [main] INFO  com.ysshha.autotest.StepDefinitions - StepDefinitions.I_see_create_is_enabled()
2020-10-21 23:51:42.203 [main] INFO  com.ysshha.autotest.CreatePage - CreatePage.createButtonEnabled
2020-10-21 23:51:42.302 [main] INFO  com.ysshha.autotest.StepDefinitions - StepDefinitions.i_push_create()
2020-10-21 23:51:42.302 [main] INFO  com.ysshha.autotest.CreatePage - CreatePage.clickCreateButton
2020-10-21 23:51:42.489 [main] INFO  com.ysshha.autotest.StepDefinitions - StepDefinitions.tearDown()
2020-10-21 23:52:37.398 [main] INFO  com.ysshha.autotest.StepDefinitions - StepDefinitions.setUp()
2020-10-21 23:52:37.434 [main] INFO  com.ysshha.autotest.StepDefinitions - StepDefinitions.I_start_browser()
2020-10-21 23:52:37.446 [main] INFO  com.ysshha.autotest.AbstractPage - AbstractPage.AbstractPage()
2020-10-21 23:52:42.325 [main] INFO  com.ysshha.autotest.AbstractPage - AbstractPage.initPage()
2020-10-21 23:52:42.382 [main] INFO  com.ysshha.autotest.StepDefinitions - StepDefinitions.I_load_url(http://localhost:8080/)
2020-10-21 23:52:42.383 [main] INFO  com.ysshha.autotest.AbstractPage - AbstractPage.gotoUrl(http://localhost:8080/)
2020-10-21 23:52:45.679 [main] INFO  com.ysshha.autotest.AbstractPage - AbstractPage.checkUrl(http://localhost:8080/)
2020-10-21 23:52:45.720 [main] INFO  com.ysshha.autotest.StepDefinitions - StepDefinitions.I_check_page()
2020-10-21 23:52:45.721 [main] INFO  com.ysshha.autotest.CreatePage - OrderPage.checkPage()
2020-10-21 23:52:46.619 [main] INFO  com.ysshha.autotest.CreatePage - OrderPage.checkListEmpty()
2020-10-21 23:52:46.667 [main] INFO  com.ysshha.autotest.CreatePage - OrderPage.checkListEmpty() => empty => [//table[@class="table"]/thead/th[5]/parent::thead]
2020-10-21 23:52:46.668 [main] INFO  com.ysshha.autotest.CreatePage - OrderPage.checkListEmpty() => num => [1]
2020-10-21 23:52:46.669 [main] INFO  com.ysshha.autotest.StepDefinitions - StepDefinitions.I_create_order(1,2,3)
2020-10-21 23:52:46.670 [main] INFO  com.ysshha.autotest.AbstractPage - AbstractPage.AbstractPage()
2020-10-21 23:52:46.670 [main] INFO  com.ysshha.autotest.AbstractPage - AbstractPage.initPage()
2020-10-21 23:52:46.672 [main] INFO  com.ysshha.autotest.CreatePage - CreatePage.enterOrder(1,2,3)
2020-10-21 23:52:47.609 [main] INFO  com.ysshha.autotest.StepDefinitions - StepDefinitions.I_see_create_is_enabled()
2020-10-21 23:52:47.610 [main] INFO  com.ysshha.autotest.CreatePage - CreatePage.createButtonEnabled
2020-10-21 23:52:47.725 [main] INFO  com.ysshha.autotest.StepDefinitions - StepDefinitions.i_push_create()
2020-10-21 23:52:47.725 [main] INFO  com.ysshha.autotest.CreatePage - CreatePage.clickCreateButton
2020-10-21 23:52:47.889 [main] INFO  com.ysshha.autotest.StepDefinitions - StepDefinitions.tearDown()
2020-10-21 23:55:33.755 [main] INFO  com.ysshha.autotest.StepDefinitions - StepDefinitions.setUp()
2020-10-21 23:55:33.779 [main] INFO  com.ysshha.autotest.StepDefinitions - StepDefinitions.I_start_browser()
2020-10-21 23:55:33.793 [main] INFO  com.ysshha.autotest.AbstractPage - AbstractPage.AbstractPage()
2020-10-21 23:55:38.838 [main] INFO  com.ysshha.autotest.AbstractPage - AbstractPage.initPage()
2020-10-21 23:55:38.892 [main] INFO  com.ysshha.autotest.StepDefinitions - StepDefinitions.I_load_url(http://localhost:8080/)
2020-10-21 23:55:38.893 [main] INFO  com.ysshha.autotest.AbstractPage - AbstractPage.gotoUrl(http://localhost:8080/)
2020-10-21 23:55:41.797 [main] INFO  com.ysshha.autotest.AbstractPage - AbstractPage.checkUrl(http://localhost:8080/)
2020-10-21 23:55:41.813 [main] INFO  com.ysshha.autotest.StepDefinitions - StepDefinitions.I_check_page()
2020-10-21 23:55:41.813 [main] INFO  com.ysshha.autotest.CreatePage - OrderPage.checkPage()
2020-10-21 23:55:42.547 [main] INFO  com.ysshha.autotest.CreatePage - OrderPage.checkListEmpty()
2020-10-21 23:55:42.591 [main] INFO  com.ysshha.autotest.CreatePage - OrderPage.checkListEmpty() => empty => [//table[@class="table"]/thead/th[5]/parent::thead/following-sibling::body]
2020-10-21 23:55:42.592 [main] INFO  com.ysshha.autotest.CreatePage - OrderPage.checkListEmpty() => num => [0]
2020-10-21 23:55:42.593 [main] INFO  com.ysshha.autotest.StepDefinitions - StepDefinitions.I_create_order(1,2,3)
2020-10-21 23:55:42.593 [main] INFO  com.ysshha.autotest.AbstractPage - AbstractPage.AbstractPage()
2020-10-21 23:55:42.594 [main] INFO  com.ysshha.autotest.AbstractPage - AbstractPage.initPage()
2020-10-21 23:55:42.595 [main] INFO  com.ysshha.autotest.CreatePage - CreatePage.enterOrder(1,2,3)
2020-10-21 23:55:43.557 [main] INFO  com.ysshha.autotest.StepDefinitions - StepDefinitions.I_see_create_is_enabled()
2020-10-21 23:55:43.558 [main] INFO  com.ysshha.autotest.CreatePage - CreatePage.createButtonEnabled
2020-10-21 23:55:43.621 [main] INFO  com.ysshha.autotest.StepDefinitions - StepDefinitions.i_push_create()
2020-10-21 23:55:43.621 [main] INFO  com.ysshha.autotest.CreatePage - CreatePage.clickCreateButton
2020-10-21 23:55:43.811 [main] INFO  com.ysshha.autotest.StepDefinitions - StepDefinitions.tearDown()
2020-10-21 23:58:05.958 [main] INFO  com.ysshha.autotest.StepDefinitions - StepDefinitions.setUp()
2020-10-21 23:58:05.982 [main] INFO  com.ysshha.autotest.StepDefinitions - StepDefinitions.I_start_browser()
2020-10-21 23:58:05.996 [main] INFO  com.ysshha.autotest.AbstractPage - AbstractPage.AbstractPage()
2020-10-21 23:58:11.640 [main] INFO  com.ysshha.autotest.AbstractPage - AbstractPage.initPage()
2020-10-21 23:58:11.711 [main] INFO  com.ysshha.autotest.StepDefinitions - StepDefinitions.I_load_url(http://localhost:8080/)
2020-10-21 23:58:11.712 [main] INFO  com.ysshha.autotest.AbstractPage - AbstractPage.gotoUrl(http://localhost:8080/)
2020-10-21 23:58:15.108 [main] INFO  com.ysshha.autotest.AbstractPage - AbstractPage.checkUrl(http://localhost:8080/)
2020-10-21 23:58:15.128 [main] INFO  com.ysshha.autotest.StepDefinitions - StepDefinitions.I_check_page()
2020-10-21 23:58:15.128 [main] INFO  com.ysshha.autotest.CreatePage - OrderPage.checkPage()
2020-10-21 23:58:15.886 [main] INFO  com.ysshha.autotest.CreatePage - OrderPage.checkListEmpty()
2020-10-21 23:58:15.930 [main] INFO  com.ysshha.autotest.CreatePage - OrderPage.checkListEmpty() => empty => [//table[@class="table"]/thead/th[5]/parent::thead/following::body]
2020-10-21 23:58:15.930 [main] INFO  com.ysshha.autotest.CreatePage - OrderPage.checkListEmpty() => num => [0]
2020-10-21 23:58:15.931 [main] INFO  com.ysshha.autotest.StepDefinitions - StepDefinitions.I_create_order(1,2,3)
2020-10-21 23:58:15.932 [main] INFO  com.ysshha.autotest.AbstractPage - AbstractPage.AbstractPage()
2020-10-21 23:58:15.932 [main] INFO  com.ysshha.autotest.AbstractPage - AbstractPage.initPage()
2020-10-21 23:58:15.935 [main] INFO  com.ysshha.autotest.CreatePage - CreatePage.enterOrder(1,2,3)
2020-10-21 23:58:17.104 [main] INFO  com.ysshha.autotest.StepDefinitions - StepDefinitions.I_see_create_is_enabled()
2020-10-21 23:58:17.104 [main] INFO  com.ysshha.autotest.CreatePage - CreatePage.createButtonEnabled
2020-10-21 23:58:17.162 [main] INFO  com.ysshha.autotest.StepDefinitions - StepDefinitions.i_push_create()
2020-10-21 23:58:17.163 [main] INFO  com.ysshha.autotest.CreatePage - CreatePage.clickCreateButton
2020-10-21 23:58:17.358 [main] INFO  com.ysshha.autotest.StepDefinitions - StepDefinitions.tearDown()
2020-10-21 23:59:33.374 [main] INFO  com.ysshha.autotest.StepDefinitions - StepDefinitions.setUp()
2020-10-21 23:59:33.388 [main] INFO  com.ysshha.autotest.StepDefinitions - StepDefinitions.I_start_browser()
2020-10-21 23:59:33.401 [main] INFO  com.ysshha.autotest.AbstractPage - AbstractPage.AbstractPage()
2020-10-21 23:59:38.328 [main] INFO  com.ysshha.autotest.AbstractPage - AbstractPage.initPage()
2020-10-21 23:59:38.396 [main] INFO  com.ysshha.autotest.StepDefinitions - StepDefinitions.I_load_url(http://localhost:8080/)
2020-10-21 23:59:38.398 [main] INFO  com.ysshha.autotest.AbstractPage - AbstractPage.gotoUrl(http://localhost:8080/)
2020-10-21 23:59:41.419 [main] INFO  com.ysshha.autotest.AbstractPage - AbstractPage.checkUrl(http://localhost:8080/)
2020-10-21 23:59:41.482 [main] INFO  com.ysshha.autotest.StepDefinitions - StepDefinitions.I_check_page()
2020-10-21 23:59:41.483 [main] INFO  com.ysshha.autotest.CreatePage - OrderPage.checkPage()
2020-10-21 23:59:42.295 [main] INFO  com.ysshha.autotest.CreatePage - OrderPage.checkListEmpty()
2020-10-21 23:59:42.351 [main] INFO  com.ysshha.autotest.CreatePage - OrderPage.checkListEmpty() => empty => [//table[@class="table"]/thead/th[5]/parent::thead/following::body[1]]
2020-10-21 23:59:42.352 [main] INFO  com.ysshha.autotest.CreatePage - OrderPage.checkListEmpty() => num => [0]
2020-10-21 23:59:42.353 [main] INFO  com.ysshha.autotest.StepDefinitions - StepDefinitions.I_create_order(1,2,3)
2020-10-21 23:59:42.353 [main] INFO  com.ysshha.autotest.AbstractPage - AbstractPage.AbstractPage()
2020-10-21 23:59:42.354 [main] INFO  com.ysshha.autotest.AbstractPage - AbstractPage.initPage()
2020-10-21 23:59:42.355 [main] INFO  com.ysshha.autotest.CreatePage - CreatePage.enterOrder(1,2,3)
2020-10-21 23:59:43.297 [main] INFO  com.ysshha.autotest.StepDefinitions - StepDefinitions.I_see_create_is_enabled()
2020-10-21 23:59:43.298 [main] INFO  com.ysshha.autotest.CreatePage - CreatePage.createButtonEnabled
2020-10-21 23:59:43.429 [main] INFO  com.ysshha.autotest.StepDefinitions - StepDefinitions.i_push_create()
2020-10-21 23:59:43.429 [main] INFO  com.ysshha.autotest.CreatePage - CreatePage.clickCreateButton
2020-10-21 23:59:43.593 [main] INFO  com.ysshha.autotest.StepDefinitions - StepDefinitions.tearDown()
